2013-02-15 14:43:26,133 [6] Orchard.Environment.DefaultOrchardHost - A tenant could not be started: Default
System.Data.SqlClient.SqlException (0x80131904): A network-related or instance-specific error occurred while establishing a connection to SQL Server. The server was not found or was not accessible. Verify that the instance name is correct and that SQL Server is configured to allow remote connections. (provider: Named Pipes Provider, error: 40 - Could not open a connection to SQL Server)
   at System.Data.SqlClient.SqlInternalConnection.OnError(SqlException exception, Boolean breakConnection)
   at System.Data.SqlClient.TdsParser.ThrowExceptionAndWarning()
   at System.Data.SqlClient.TdsParser.Connect(ServerInfo serverInfo, SqlInternalConnectionTds connHandler, Boolean ignoreSniOpenTimeout, Int64 timerExpire, Boolean encrypt, Boolean trustServerCert, Boolean integratedSecurity)
   at System.Data.SqlClient.SqlInternalConnectionTds.AttemptOneLogin(ServerInfo serverInfo, String newPassword, Boolean ignoreSniOpenTimeout, TimeoutTimer timeout, SqlConnection owningObject)
   at System.Data.SqlClient.SqlInternalConnectionTds.LoginNoFailover(ServerInfo serverInfo, String newPassword, Boolean redirectedUserInstance, SqlConnection owningObject, SqlConnectionString connectionOptions, TimeoutTimer timeout)
   at System.Data.SqlClient.SqlInternalConnectionTds.OpenLoginEnlist(SqlConnection owningObject, TimeoutTimer timeout, SqlConnectionString connectionOptions, String newPassword, Boolean redirectedUserInstance)
   at System.Data.SqlClient.SqlInternalConnectionTds..ctor(DbConnectionPoolIdentity identity, SqlConnectionString connectionOptions, Object providerInfo, String newPassword, SqlConnection owningObject, Boolean redirectedUserInstance)
   at System.Data.SqlClient.SqlConnectionFactory.CreateConnection(DbConnectionOptions options, Object poolGroupProviderInfo, DbConnectionPool pool, DbConnection owningConnection)
   at System.Data.ProviderBase.DbConnectionFactory.CreatePooledConnection(DbConnection owningConnection, DbConnectionPool pool, DbConnectionOptions options)
   at System.Data.ProviderBase.DbConnectionPool.CreateObject(DbConnection owningObject)
   at System.Data.ProviderBase.DbConnectionPool.UserCreateRequest(DbConnection owningObject)
   at System.Data.ProviderBase.DbConnectionPool.GetConnection(DbConnection owningObject)
   at System.Data.ProviderBase.DbConnectionFactory.GetConnection(DbConnection owningConnection)
   at System.Data.ProviderBase.DbConnectionClosed.OpenConnection(DbConnection outerConnection, DbConnectionFactory connectionFactory)
   at System.Data.SqlClient.SqlConnection.Open()
   at NHibernate.Connection.DriverConnectionProvider.GetConnection()
   at NHibernate.Tool.hbm2ddl.SuppliedConnectionProviderConnectionHelper.Prepare()
   at NHibernate.Tool.hbm2ddl.SchemaMetadataUpdater.GetReservedWords(Dialect dialect, IConnectionHelper connectionHelper)
   at NHibernate.Tool.hbm2ddl.SchemaMetadataUpdater.Update(ISessionFactory sessionFactory)
   at NHibernate.Impl.SessionFactoryImpl..ctor(Configuration cfg, IMapping mapping, Settings settings, EventListeners listeners)
   at NHibernate.Cfg.Configuration.BuildSessionFactory()
   at Orchard.Data.SessionFactoryHolder.BuildSessionFactory() in C:\Projectos\Orchard.Source.1.5.1\src\Orchard\Data\SessionFactoryHolder.cs:line 83
   at Orchard.Data.SessionFactoryHolder.GetSessionFactory() in C:\Projectos\Orchard.Source.1.5.1\src\Orchard\Data\SessionFactoryHolder.cs:line 61
   at Orchard.Data.SessionLocator.For(Type entityType) in C:\Projectos\Orchard.Source.1.5.1\src\Orchard\Data\SessionLocator.cs:line 29
   at Orchard.Data.Repository`1.get_Session() in C:\Projectos\Orchard.Source.1.5.1\src\Orchard\Data\Repository.cs:line 26
   at Orchard.Data.Repository`1.get_Table() in C:\Projectos\Orchard.Source.1.5.1\src\Orchard\Data\Repository.cs:line 30
   at Orchard.Data.Repository`1.Fetch(Expression`1 predicate) in C:\Projectos\Orchard.Source.1.5.1\src\Orchard\Data\Repository.cs:line 126
   at Orchard.Data.Repository`1.Get(Expression`1 predicate) in C:\Projectos\Orchard.Source.1.5.1\src\Orchard\Data\Repository.cs:line 91
   at Orchard.Data.Repository`1.Orchard.Data.IRepository<T>.Get(Expression`1 predicate) in C:\Projectos\Orchard.Source.1.5.1\src\Orchard\Data\Repository.cs:line 60
   at Orchard.Core.Settings.Descriptor.ShellDescriptorManager.GetDescriptorRecord() in C:\Projectos\Orchard.Source.1.5.1\src\Orchard.Web\Core\Settings\Descriptor\ShellDescriptorManager.cs:line 57
   at Orchard.Core.Settings.Descriptor.ShellDescriptorManager.GetShellDescriptor() in C:\Projectos\Orchard.Source.1.5.1\src\Orchard.Web\Core\Settings\Descriptor\ShellDescriptorManager.cs:line 30
   at Orchard.Environment.ShellBuilders.ShellContextFactory.CreateShellContext(ShellSettings settings) in C:\Projectos\Orchard.Source.1.5.1\src\Orchard\Environment\ShellBuilders\ShellContextFactory.cs:line 66
   at Orchard.Environment.DefaultOrchardHost.CreateShellContext(ShellSettings settings) in C:\Projectos\Orchard.Source.1.5.1\src\Orchard\Environment\DefaultOrchardHost.cs:line 174
   at Orchard.Environment.DefaultOrchardHost.CreateAndActivateShells() in C:\Projectos\Orchard.Source.1.5.1\src\Orchard\Environment\DefaultOrchardHost.cs:line 134
2013-02-15 14:43:29,790 [6] Orchard.Environment.DefaultOrchardHost - A tenant could not be started: Default
System.Data.SqlClient.SqlException (0x80131904): A network-related or instance-specific error occurred while establishing a connection to SQL Server. The server was not found or was not accessible. Verify that the instance name is correct and that SQL Server is configured to allow remote connections. (provider: Named Pipes Provider, error: 40 - Could not open a connection to SQL Server)
   at System.Data.ProviderBase.DbConnectionPool.GetConnection(DbConnection owningObject)
   at System.Data.ProviderBase.DbConnectionFactory.GetConnection(DbConnection owningConnection)
   at System.Data.ProviderBase.DbConnectionClosed.OpenConnection(DbConnection outerConnection, DbConnectionFactory connectionFactory)
   at System.Data.SqlClient.SqlConnection.Open()
   at NHibernate.Connection.DriverConnectionProvider.GetConnection()
   at NHibernate.Tool.hbm2ddl.SuppliedConnectionProviderConnectionHelper.Prepare()
   at NHibernate.Tool.hbm2ddl.SchemaMetadataUpdater.GetReservedWords(Dialect dialect, IConnectionHelper connectionHelper)
   at NHibernate.Tool.hbm2ddl.SchemaMetadataUpdater.Update(ISessionFactory sessionFactory)
   at NHibernate.Impl.SessionFactoryImpl..ctor(Configuration cfg, IMapping mapping, Settings settings, EventListeners listeners)
   at NHibernate.Cfg.Configuration.BuildSessionFactory()
   at Orchard.Data.SessionFactoryHolder.BuildSessionFactory() in C:\Projectos\Orchard.Source.1.5.1\src\Orchard\Data\SessionFactoryHolder.cs:line 83
   at Orchard.Data.SessionFactoryHolder.GetSessionFactory() in C:\Projectos\Orchard.Source.1.5.1\src\Orchard\Data\SessionFactoryHolder.cs:line 61
   at Orchard.Data.SessionLocator.For(Type entityType) in C:\Projectos\Orchard.Source.1.5.1\src\Orchard\Data\SessionLocator.cs:line 29
   at Orchard.Data.Repository`1.get_Session() in C:\Projectos\Orchard.Source.1.5.1\src\Orchard\Data\Repository.cs:line 26
   at Orchard.Data.Repository`1.get_Table() in C:\Projectos\Orchard.Source.1.5.1\src\Orchard\Data\Repository.cs:line 30
   at Orchard.Data.Repository`1.Fetch(Expression`1 predicate) in C:\Projectos\Orchard.Source.1.5.1\src\Orchard\Data\Repository.cs:line 126
   at Orchard.Data.Repository`1.Get(Expression`1 predicate) in C:\Projectos\Orchard.Source.1.5.1\src\Orchard\Data\Repository.cs:line 91
   at Orchard.Data.Repository`1.Orchard.Data.IRepository<T>.Get(Expression`1 predicate) in C:\Projectos\Orchard.Source.1.5.1\src\Orchard\Data\Repository.cs:line 60
   at Orchard.Core.Settings.Descriptor.ShellDescriptorManager.GetDescriptorRecord() in C:\Projectos\Orchard.Source.1.5.1\src\Orchard.Web\Core\Settings\Descriptor\ShellDescriptorManager.cs:line 57
   at Orchard.Core.Settings.Descriptor.ShellDescriptorManager.GetShellDescriptor() in C:\Projectos\Orchard.Source.1.5.1\src\Orchard.Web\Core\Settings\Descriptor\ShellDescriptorManager.cs:line 30
   at Orchard.Environment.ShellBuilders.ShellContextFactory.CreateShellContext(ShellSettings settings) in C:\Projectos\Orchard.Source.1.5.1\src\Orchard\Environment\ShellBuilders\ShellContextFactory.cs:line 66
   at Orchard.Environment.DefaultOrchardHost.CreateShellContext(ShellSettings settings) in C:\Projectos\Orchard.Source.1.5.1\src\Orchard\Environment\DefaultOrchardHost.cs:line 174
   at Orchard.Environment.DefaultOrchardHost.CreateAndActivateShells() in C:\Projectos\Orchard.Source.1.5.1\src\Orchard\Environment\DefaultOrchardHost.cs:line 134
2013-02-15 14:43:52,383 [6] Orchard.Environment.DefaultOrchardHost - A tenant could not be started: Default
System.Data.SqlClient.SqlException (0x80131904): A network-related or instance-specific error occurred while establishing a connection to SQL Server. The server was not found or was not accessible. Verify that the instance name is correct and that SQL Server is configured to allow remote connections. (provider: Named Pipes Provider, error: 40 - Could not open a connection to SQL Server)
   at System.Data.SqlClient.SqlInternalConnection.OnError(SqlException exception, Boolean breakConnection)
   at System.Data.SqlClient.TdsParser.ThrowExceptionAndWarning()
   at System.Data.SqlClient.TdsParser.Connect(ServerInfo serverInfo, SqlInternalConnectionTds connHandler, Boolean ignoreSniOpenTimeout, Int64 timerExpire, Boolean encrypt, Boolean trustServerCert, Boolean integratedSecurity)
   at System.Data.SqlClient.SqlInternalConnectionTds.AttemptOneLogin(ServerInfo serverInfo, String newPassword, Boolean ignoreSniOpenTimeout, TimeoutTimer timeout, SqlConnection owningObject)
   at System.Data.SqlClient.SqlInternalConnectionTds.LoginNoFailover(ServerInfo serverInfo, String newPassword, Boolean redirectedUserInstance, SqlConnection owningObject, SqlConnectionString connectionOptions, TimeoutTimer timeout)
   at System.Data.SqlClient.SqlInternalConnectionTds.OpenLoginEnlist(SqlConnection owningObject, TimeoutTimer timeout, SqlConnectionString connectionOptions, String newPassword, Boolean redirectedUserInstance)
   at System.Data.SqlClient.SqlInternalConnectionTds..ctor(DbConnectionPoolIdentity identity, SqlConnectionString connectionOptions, Object providerInfo, String newPassword, SqlConnection owningObject, Boolean redirectedUserInstance)
   at System.Data.SqlClient.SqlConnectionFactory.CreateConnection(DbConnectionOptions options, Object poolGroupProviderInfo, DbConnectionPool pool, DbConnection owningConnection)
   at System.Data.ProviderBase.DbConnectionFactory.CreatePooledConnection(DbConnection owningConnection, DbConnectionPool pool, DbConnectionOptions options)
   at System.Data.ProviderBase.DbConnectionPool.CreateObject(DbConnection owningObject)
   at System.Data.ProviderBase.DbConnectionPool.UserCreateRequest(DbConnection owningObject)
   at System.Data.ProviderBase.DbConnectionPool.GetConnection(DbConnection owningObject)
   at System.Data.ProviderBase.DbConnectionFactory.GetConnection(DbConnection owningConnection)
   at System.Data.ProviderBase.DbConnectionClosed.OpenConnection(DbConnection outerConnection, DbConnectionFactory connectionFactory)
   at System.Data.SqlClient.SqlConnection.Open()
   at NHibernate.Connection.DriverConnectionProvider.GetConnection()
   at NHibernate.Tool.hbm2ddl.SuppliedConnectionProviderConnectionHelper.Prepare()
   at NHibernate.Tool.hbm2ddl.SchemaMetadataUpdater.GetReservedWords(Dialect dialect, IConnectionHelper connectionHelper)
   at NHibernate.Tool.hbm2ddl.SchemaMetadataUpdater.Update(ISessionFactory sessionFactory)
   at NHibernate.Impl.SessionFactoryImpl..ctor(Configuration cfg, IMapping mapping, Settings settings, EventListeners listeners)
   at NHibernate.Cfg.Configuration.BuildSessionFactory()
   at Orchard.Data.SessionFactoryHolder.BuildSessionFactory() in C:\Projectos\Orchard.Source.1.5.1\src\Orchard\Data\SessionFactoryHolder.cs:line 83
   at Orchard.Data.SessionFactoryHolder.GetSessionFactory() in C:\Projectos\Orchard.Source.1.5.1\src\Orchard\Data\SessionFactoryHolder.cs:line 61
   at Orchard.Data.SessionLocator.For(Type entityType) in C:\Projectos\Orchard.Source.1.5.1\src\Orchard\Data\SessionLocator.cs:line 29
   at Orchard.Data.Repository`1.get_Session() in C:\Projectos\Orchard.Source.1.5.1\src\Orchard\Data\Repository.cs:line 26
   at Orchard.Data.Repository`1.get_Table() in C:\Projectos\Orchard.Source.1.5.1\src\Orchard\Data\Repository.cs:line 30
   at Orchard.Data.Repository`1.Fetch(Expression`1 predicate) in C:\Projectos\Orchard.Source.1.5.1\src\Orchard\Data\Repository.cs:line 126
   at Orchard.Data.Repository`1.Get(Expression`1 predicate) in C:\Projectos\Orchard.Source.1.5.1\src\Orchard\Data\Repository.cs:line 91
   at Orchard.Data.Repository`1.Orchard.Data.IRepository<T>.Get(Expression`1 predicate) in C:\Projectos\Orchard.Source.1.5.1\src\Orchard\Data\Repository.cs:line 60
   at Orchard.Core.Settings.Descriptor.ShellDescriptorManager.GetDescriptorRecord() in C:\Projectos\Orchard.Source.1.5.1\src\Orchard.Web\Core\Settings\Descriptor\ShellDescriptorManager.cs:line 57
   at Orchard.Core.Settings.Descriptor.ShellDescriptorManager.GetShellDescriptor() in C:\Projectos\Orchard.Source.1.5.1\src\Orchard.Web\Core\Settings\Descriptor\ShellDescriptorManager.cs:line 30
   at Orchard.Environment.ShellBuilders.ShellContextFactory.CreateShellContext(ShellSettings settings) in C:\Projectos\Orchard.Source.1.5.1\src\Orchard\Environment\ShellBuilders\ShellContextFactory.cs:line 66
   at Orchard.Environment.DefaultOrchardHost.CreateShellContext(ShellSettings settings) in C:\Projectos\Orchard.Source.1.5.1\src\Orchard\Environment\DefaultOrchardHost.cs:line 174
   at Orchard.Environment.DefaultOrchardHost.CreateAndActivateShells() in C:\Projectos\Orchard.Source.1.5.1\src\Orchard\Environment\DefaultOrchardHost.cs:line 134
2013-02-15 14:55:51,269 [6] Orchard.Environment.DefaultOrchardHost - A tenant could not be started: Default
System.Data.SqlClient.SqlException (0x80131904): A network-related or instance-specific error occurred while establishing a connection to SQL Server. The server was not found or was not accessible. Verify that the instance name is correct and that SQL Server is configured to allow remote connections. (provider: Named Pipes Provider, error: 40 - Could not open a connection to SQL Server)
   at System.Data.SqlClient.SqlInternalConnection.OnError(SqlException exception, Boolean breakConnection)
   at System.Data.SqlClient.TdsParser.ThrowExceptionAndWarning()
   at System.Data.SqlClient.TdsParser.Connect(ServerInfo serverInfo, SqlInternalConnectionTds connHandler, Boolean ignoreSniOpenTimeout, Int64 timerExpire, Boolean encrypt, Boolean trustServerCert, Boolean integratedSecurity)
   at System.Data.SqlClient.SqlInternalConnectionTds.AttemptOneLogin(ServerInfo serverInfo, String newPassword, Boolean ignoreSniOpenTimeout, TimeoutTimer timeout, SqlConnection owningObject)
   at System.Data.SqlClient.SqlInternalConnectionTds.LoginNoFailover(ServerInfo serverInfo, String newPassword, Boolean redirectedUserInstance, SqlConnection owningObject, SqlConnectionString connectionOptions, TimeoutTimer timeout)
   at System.Data.SqlClient.SqlInternalConnectionTds.OpenLoginEnlist(SqlConnection owningObject, TimeoutTimer timeout, SqlConnectionString connectionOptions, String newPassword, Boolean redirectedUserInstance)
   at System.Data.SqlClient.SqlInternalConnectionTds..ctor(DbConnectionPoolIdentity identity, SqlConnectionString connectionOptions, Object providerInfo, String newPassword, SqlConnection owningObject, Boolean redirectedUserInstance)
   at System.Data.SqlClient.SqlConnectionFactory.CreateConnection(DbConnectionOptions options, Object poolGroupProviderInfo, DbConnectionPool pool, DbConnection owningConnection)
   at System.Data.ProviderBase.DbConnectionFactory.CreatePooledConnection(DbConnection owningConnection, DbConnectionPool pool, DbConnectionOptions options)
   at System.Data.ProviderBase.DbConnectionPool.CreateObject(DbConnection owningObject)
   at System.Data.ProviderBase.DbConnectionPool.UserCreateRequest(DbConnection owningObject)
   at System.Data.ProviderBase.DbConnectionPool.GetConnection(DbConnection owningObject)
   at System.Data.ProviderBase.DbConnectionFactory.GetConnection(DbConnection owningConnection)
   at System.Data.ProviderBase.DbConnectionClosed.OpenConnection(DbConnection outerConnection, DbConnectionFactory connectionFactory)
   at System.Data.SqlClient.SqlConnection.Open()
   at NHibernate.Connection.DriverConnectionProvider.GetConnection()
   at NHibernate.Tool.hbm2ddl.SuppliedConnectionProviderConnectionHelper.Prepare()
   at NHibernate.Tool.hbm2ddl.SchemaMetadataUpdater.GetReservedWords(Dialect dialect, IConnectionHelper connectionHelper)
   at NHibernate.Tool.hbm2ddl.SchemaMetadataUpdater.Update(ISessionFactory sessionFactory)
   at NHibernate.Impl.SessionFactoryImpl..ctor(Configuration cfg, IMapping mapping, Settings settings, EventListeners listeners)
   at NHibernate.Cfg.Configuration.BuildSessionFactory()
   at Orchard.Data.SessionFactoryHolder.BuildSessionFactory() in C:\Projectos\Orchard.Source.1.5.1\src\Orchard\Data\SessionFactoryHolder.cs:line 83
   at Orchard.Data.SessionFactoryHolder.GetSessionFactory() in C:\Projectos\Orchard.Source.1.5.1\src\Orchard\Data\SessionFactoryHolder.cs:line 61
   at Orchard.Data.SessionLocator.For(Type entityType) in C:\Projectos\Orchard.Source.1.5.1\src\Orchard\Data\SessionLocator.cs:line 29
   at Orchard.Data.Repository`1.get_Session() in C:\Projectos\Orchard.Source.1.5.1\src\Orchard\Data\Repository.cs:line 26
   at Orchard.Data.Repository`1.get_Table() in C:\Projectos\Orchard.Source.1.5.1\src\Orchard\Data\Repository.cs:line 30
   at Orchard.Data.Repository`1.Fetch(Expression`1 predicate) in C:\Projectos\Orchard.Source.1.5.1\src\Orchard\Data\Repository.cs:line 126
   at Orchard.Data.Repository`1.Get(Expression`1 predicate) in C:\Projectos\Orchard.Source.1.5.1\src\Orchard\Data\Repository.cs:line 91
   at Orchard.Data.Repository`1.Orchard.Data.IRepository<T>.Get(Expression`1 predicate) in C:\Projectos\Orchard.Source.1.5.1\src\Orchard\Data\Repository.cs:line 60
   at Orchard.Core.Settings.Descriptor.ShellDescriptorManager.GetDescriptorRecord() in C:\Projectos\Orchard.Source.1.5.1\src\Orchard.Web\Core\Settings\Descriptor\ShellDescriptorManager.cs:line 57
   at Orchard.Core.Settings.Descriptor.ShellDescriptorManager.GetShellDescriptor() in C:\Projectos\Orchard.Source.1.5.1\src\Orchard.Web\Core\Settings\Descriptor\ShellDescriptorManager.cs:line 30
   at Orchard.Environment.ShellBuilders.ShellContextFactory.CreateShellContext(ShellSettings settings) in C:\Projectos\Orchard.Source.1.5.1\src\Orchard\Environment\ShellBuilders\ShellContextFactory.cs:line 66
   at Orchard.Environment.DefaultOrchardHost.CreateShellContext(ShellSettings settings) in C:\Projectos\Orchard.Source.1.5.1\src\Orchard\Environment\DefaultOrchardHost.cs:line 174
   at Orchard.Environment.DefaultOrchardHost.CreateAndActivateShells() in C:\Projectos\Orchard.Source.1.5.1\src\Orchard\Environment\DefaultOrchardHost.cs:line 134
2013-02-15 14:56:54,363 [13] Orchard.Environment.DefaultOrchardHost - A tenant could not be started: Default
System.Data.SqlClient.SqlException (0x80131904): A network-related or instance-specific error occurred while establishing a connection to SQL Server. The server was not found or was not accessible. Verify that the instance name is correct and that SQL Server is configured to allow remote connections. (provider: Named Pipes Provider, error: 40 - Could not open a connection to SQL Server)
   at System.Data.SqlClient.SqlInternalConnection.OnError(SqlException exception, Boolean breakConnection)
   at System.Data.SqlClient.TdsParser.ThrowExceptionAndWarning()
   at System.Data.SqlClient.TdsParser.Connect(ServerInfo serverInfo, SqlInternalConnectionTds connHandler, Boolean ignoreSniOpenTimeout, Int64 timerExpire, Boolean encrypt, Boolean trustServerCert, Boolean integratedSecurity)
   at System.Data.SqlClient.SqlInternalConnectionTds.AttemptOneLogin(ServerInfo serverInfo, String newPassword, Boolean ignoreSniOpenTimeout, TimeoutTimer timeout, SqlConnection owningObject)
   at System.Data.SqlClient.SqlInternalConnectionTds.LoginNoFailover(ServerInfo serverInfo, String newPassword, Boolean redirectedUserInstance, SqlConnection owningObject, SqlConnectionString connectionOptions, TimeoutTimer timeout)
   at System.Data.SqlClient.SqlInternalConnectionTds.OpenLoginEnlist(SqlConnection owningObject, TimeoutTimer timeout, SqlConnectionString connectionOptions, String newPassword, Boolean redirectedUserInstance)
   at System.Data.SqlClient.SqlInternalConnectionTds..ctor(DbConnectionPoolIdentity identity, SqlConnectionString connectionOptions, Object providerInfo, String newPassword, SqlConnection owningObject, Boolean redirectedUserInstance)
   at System.Data.SqlClient.SqlConnectionFactory.CreateConnection(DbConnectionOptions options, Object poolGroupProviderInfo, DbConnectionPool pool, DbConnection owningConnection)
   at System.Data.ProviderBase.DbConnectionFactory.CreatePooledConnection(DbConnection owningConnection, DbConnectionPool pool, DbConnectionOptions options)
   at System.Data.ProviderBase.DbConnectionPool.CreateObject(DbConnection owningObject)
   at System.Data.ProviderBase.DbConnectionPool.UserCreateRequest(DbConnection owningObject)
   at System.Data.ProviderBase.DbConnectionPool.GetConnection(DbConnection owningObject)
   at System.Data.ProviderBase.DbConnectionFactory.GetConnection(DbConnection owningConnection)
   at System.Data.ProviderBase.DbConnectionClosed.OpenConnection(DbConnection outerConnection, DbConnectionFactory connectionFactory)
   at System.Data.SqlClient.SqlConnection.Open()
   at NHibernate.Connection.DriverConnectionProvider.GetConnection()
   at NHibernate.Tool.hbm2ddl.SuppliedConnectionProviderConnectionHelper.Prepare()
   at NHibernate.Tool.hbm2ddl.SchemaMetadataUpdater.GetReservedWords(Dialect dialect, IConnectionHelper connectionHelper)
   at NHibernate.Tool.hbm2ddl.SchemaMetadataUpdater.Update(ISessionFactory sessionFactory)
   at NHibernate.Impl.SessionFactoryImpl..ctor(Configuration cfg, IMapping mapping, Settings settings, EventListeners listeners)
   at NHibernate.Cfg.Configuration.BuildSessionFactory()
   at Orchard.Data.SessionFactoryHolder.BuildSessionFactory() in C:\Projectos\Orchard.Source.1.5.1\src\Orchard\Data\SessionFactoryHolder.cs:line 83
   at Orchard.Data.SessionFactoryHolder.GetSessionFactory() in C:\Projectos\Orchard.Source.1.5.1\src\Orchard\Data\SessionFactoryHolder.cs:line 61
   at Orchard.Data.SessionLocator.For(Type entityType) in C:\Projectos\Orchard.Source.1.5.1\src\Orchard\Data\SessionLocator.cs:line 29
   at Orchard.Data.Repository`1.get_Session() in C:\Projectos\Orchard.Source.1.5.1\src\Orchard\Data\Repository.cs:line 26
   at Orchard.Data.Repository`1.get_Table() in C:\Projectos\Orchard.Source.1.5.1\src\Orchard\Data\Repository.cs:line 30
   at Orchard.Data.Repository`1.Fetch(Expression`1 predicate) in C:\Projectos\Orchard.Source.1.5.1\src\Orchard\Data\Repository.cs:line 126
   at Orchard.Data.Repository`1.Get(Expression`1 predicate) in C:\Projectos\Orchard.Source.1.5.1\src\Orchard\Data\Repository.cs:line 91
   at Orchard.Data.Repository`1.Orchard.Data.IRepository<T>.Get(Expression`1 predicate) in C:\Projectos\Orchard.Source.1.5.1\src\Orchard\Data\Repository.cs:line 60
   at Orchard.Core.Settings.Descriptor.ShellDescriptorManager.GetDescriptorRecord() in C:\Projectos\Orchard.Source.1.5.1\src\Orchard.Web\Core\Settings\Descriptor\ShellDescriptorManager.cs:line 57
   at Orchard.Core.Settings.Descriptor.ShellDescriptorManager.GetShellDescriptor() in C:\Projectos\Orchard.Source.1.5.1\src\Orchard.Web\Core\Settings\Descriptor\ShellDescriptorManager.cs:line 30
   at Orchard.Environment.ShellBuilders.ShellContextFactory.CreateShellContext(ShellSettings settings) in C:\Projectos\Orchard.Source.1.5.1\src\Orchard\Environment\ShellBuilders\ShellContextFactory.cs:line 66
   at Orchard.Environment.DefaultOrchardHost.CreateShellContext(ShellSettings settings) in C:\Projectos\Orchard.Source.1.5.1\src\Orchard\Environment\DefaultOrchardHost.cs:line 174
   at Orchard.Environment.DefaultOrchardHost.CreateAndActivateShells() in C:\Projectos\Orchard.Source.1.5.1\src\Orchard\Environment\DefaultOrchardHost.cs:line 134
2013-02-15 14:59:17,326 [10] Orchard.Environment.DefaultOrchardHost - A tenant could not be started: Default
System.Data.SqlClient.SqlException (0x80131904): A network-related or instance-specific error occurred while establishing a connection to SQL Server. The server was not found or was not accessible. Verify that the instance name is correct and that SQL Server is configured to allow remote connections. (provider: Named Pipes Provider, error: 40 - Could not open a connection to SQL Server)
   at System.Data.SqlClient.SqlInternalConnection.OnError(SqlException exception, Boolean breakConnection)
   at System.Data.SqlClient.TdsParser.ThrowExceptionAndWarning()
   at System.Data.SqlClient.TdsParser.Connect(ServerInfo serverInfo, SqlInternalConnectionTds connHandler, Boolean ignoreSniOpenTimeout, Int64 timerExpire, Boolean encrypt, Boolean trustServerCert, Boolean integratedSecurity)
   at System.Data.SqlClient.SqlInternalConnectionTds.AttemptOneLogin(ServerInfo serverInfo, String newPassword, Boolean ignoreSniOpenTimeout, TimeoutTimer timeout, SqlConnection owningObject)
   at System.Data.SqlClient.SqlInternalConnectionTds.LoginNoFailover(ServerInfo serverInfo, String newPassword, Boolean redirectedUserInstance, SqlConnection owningObject, SqlConnectionString connectionOptions, TimeoutTimer timeout)
   at System.Data.SqlClient.SqlInternalConnectionTds.OpenLoginEnlist(SqlConnection owningObject, TimeoutTimer timeout, SqlConnectionString connectionOptions, String newPassword, Boolean redirectedUserInstance)
   at System.Data.SqlClient.SqlInternalConnectionTds..ctor(DbConnectionPoolIdentity identity, SqlConnectionString connectionOptions, Object providerInfo, String newPassword, SqlConnection owningObject, Boolean redirectedUserInstance)
   at System.Data.SqlClient.SqlConnectionFactory.CreateConnection(DbConnectionOptions options, Object poolGroupProviderInfo, DbConnectionPool pool, DbConnection owningConnection)
   at System.Data.ProviderBase.DbConnectionFactory.CreatePooledConnection(DbConnection owningConnection, DbConnectionPool pool, DbConnectionOptions options)
   at System.Data.ProviderBase.DbConnectionPool.CreateObject(DbConnection owningObject)
   at System.Data.ProviderBase.DbConnectionPool.UserCreateRequest(DbConnection owningObject)
   at System.Data.ProviderBase.DbConnectionPool.GetConnection(DbConnection owningObject)
   at System.Data.ProviderBase.DbConnectionFactory.GetConnection(DbConnection owningConnection)
   at System.Data.ProviderBase.DbConnectionClosed.OpenConnection(DbConnection outerConnection, DbConnectionFactory connectionFactory)
   at System.Data.SqlClient.SqlConnection.Open()
   at NHibernate.Connection.DriverConnectionProvider.GetConnection()
   at NHibernate.Tool.hbm2ddl.SuppliedConnectionProviderConnectionHelper.Prepare()
   at NHibernate.Tool.hbm2ddl.SchemaMetadataUpdater.GetReservedWords(Dialect dialect, IConnectionHelper connectionHelper)
   at NHibernate.Tool.hbm2ddl.SchemaMetadataUpdater.Update(ISessionFactory sessionFactory)
   at NHibernate.Impl.SessionFactoryImpl..ctor(Configuration cfg, IMapping mapping, Settings settings, EventListeners listeners)
   at NHibernate.Cfg.Configuration.BuildSessionFactory()
   at Orchard.Data.SessionFactoryHolder.BuildSessionFactory() in C:\Projectos\Orchard.Source.1.5.1\src\Orchard\Data\SessionFactoryHolder.cs:line 83
   at Orchard.Data.SessionFactoryHolder.GetSessionFactory() in C:\Projectos\Orchard.Source.1.5.1\src\Orchard\Data\SessionFactoryHolder.cs:line 61
   at Orchard.Data.SessionLocator.For(Type entityType) in C:\Projectos\Orchard.Source.1.5.1\src\Orchard\Data\SessionLocator.cs:line 29
   at Orchard.Data.Repository`1.get_Session() in C:\Projectos\Orchard.Source.1.5.1\src\Orchard\Data\Repository.cs:line 26
   at Orchard.Data.Repository`1.get_Table() in C:\Projectos\Orchard.Source.1.5.1\src\Orchard\Data\Repository.cs:line 30
   at Orchard.Data.Repository`1.Fetch(Expression`1 predicate) in C:\Projectos\Orchard.Source.1.5.1\src\Orchard\Data\Repository.cs:line 126
   at Orchard.Data.Repository`1.Get(Expression`1 predicate) in C:\Projectos\Orchard.Source.1.5.1\src\Orchard\Data\Repository.cs:line 91
   at Orchard.Data.Repository`1.Orchard.Data.IRepository<T>.Get(Expression`1 predicate) in C:\Projectos\Orchard.Source.1.5.1\src\Orchard\Data\Repository.cs:line 60
   at Orchard.Core.Settings.Descriptor.ShellDescriptorManager.GetDescriptorRecord() in C:\Projectos\Orchard.Source.1.5.1\src\Orchard.Web\Core\Settings\Descriptor\ShellDescriptorManager.cs:line 57
   at Orchard.Core.Settings.Descriptor.ShellDescriptorManager.GetShellDescriptor() in C:\Projectos\Orchard.Source.1.5.1\src\Orchard.Web\Core\Settings\Descriptor\ShellDescriptorManager.cs:line 30
   at Orchard.Environment.ShellBuilders.ShellContextFactory.CreateShellContext(ShellSettings settings) in C:\Projectos\Orchard.Source.1.5.1\src\Orchard\Environment\ShellBuilders\ShellContextFactory.cs:line 66
   at Orchard.Environment.DefaultOrchardHost.CreateShellContext(ShellSettings settings) in C:\Projectos\Orchard.Source.1.5.1\src\Orchard\Environment\DefaultOrchardHost.cs:line 174
   at Orchard.Environment.DefaultOrchardHost.CreateAndActivateShells() in C:\Projectos\Orchard.Source.1.5.1\src\Orchard\Environment\DefaultOrchardHost.cs:line 134
2013-02-15 14:59:18,763 [10] Orchard.Environment.DefaultOrchardHost - A tenant could not be started: Default
System.Data.SqlClient.SqlException (0x80131904): A network-related or instance-specific error occurred while establishing a connection to SQL Server. The server was not found or was not accessible. Verify that the instance name is correct and that SQL Server is configured to allow remote connections. (provider: Named Pipes Provider, error: 40 - Could not open a connection to SQL Server)
   at System.Data.ProviderBase.DbConnectionPool.GetConnection(DbConnection owningObject)
   at System.Data.ProviderBase.DbConnectionFactory.GetConnection(DbConnection owningConnection)
   at System.Data.ProviderBase.DbConnectionClosed.OpenConnection(DbConnection outerConnection, DbConnectionFactory connectionFactory)
   at System.Data.SqlClient.SqlConnection.Open()
   at NHibernate.Connection.DriverConnectionProvider.GetConnection()
   at NHibernate.Tool.hbm2ddl.SuppliedConnectionProviderConnectionHelper.Prepare()
   at NHibernate.Tool.hbm2ddl.SchemaMetadataUpdater.GetReservedWords(Dialect dialect, IConnectionHelper connectionHelper)
   at NHibernate.Tool.hbm2ddl.SchemaMetadataUpdater.Update(ISessionFactory sessionFactory)
   at NHibernate.Impl.SessionFactoryImpl..ctor(Configuration cfg, IMapping mapping, Settings settings, EventListeners listeners)
   at NHibernate.Cfg.Configuration.BuildSessionFactory()
   at Orchard.Data.SessionFactoryHolder.BuildSessionFactory() in C:\Projectos\Orchard.Source.1.5.1\src\Orchard\Data\SessionFactoryHolder.cs:line 83
   at Orchard.Data.SessionFactoryHolder.GetSessionFactory() in C:\Projectos\Orchard.Source.1.5.1\src\Orchard\Data\SessionFactoryHolder.cs:line 61
   at Orchard.Data.SessionLocator.For(Type entityType) in C:\Projectos\Orchard.Source.1.5.1\src\Orchard\Data\SessionLocator.cs:line 29
   at Orchard.Data.Repository`1.get_Session() in C:\Projectos\Orchard.Source.1.5.1\src\Orchard\Data\Repository.cs:line 26
   at Orchard.Data.Repository`1.get_Table() in C:\Projectos\Orchard.Source.1.5.1\src\Orchard\Data\Repository.cs:line 30
   at Orchard.Data.Repository`1.Fetch(Expression`1 predicate) in C:\Projectos\Orchard.Source.1.5.1\src\Orchard\Data\Repository.cs:line 126
   at Orchard.Data.Repository`1.Get(Expression`1 predicate) in C:\Projectos\Orchard.Source.1.5.1\src\Orchard\Data\Repository.cs:line 91
   at Orchard.Data.Repository`1.Orchard.Data.IRepository<T>.Get(Expression`1 predicate) in C:\Projectos\Orchard.Source.1.5.1\src\Orchard\Data\Repository.cs:line 60
   at Orchard.Core.Settings.Descriptor.ShellDescriptorManager.GetDescriptorRecord() in C:\Projectos\Orchard.Source.1.5.1\src\Orchard.Web\Core\Settings\Descriptor\ShellDescriptorManager.cs:line 57
   at Orchard.Core.Settings.Descriptor.ShellDescriptorManager.GetShellDescriptor() in C:\Projectos\Orchard.Source.1.5.1\src\Orchard.Web\Core\Settings\Descriptor\ShellDescriptorManager.cs:line 30
   at Orchard.Environment.ShellBuilders.ShellContextFactory.CreateShellContext(ShellSettings settings) in C:\Projectos\Orchard.Source.1.5.1\src\Orchard\Environment\ShellBuilders\ShellContextFactory.cs:line 66
   at Orchard.Environment.DefaultOrchardHost.CreateShellContext(ShellSettings settings) in C:\Projectos\Orchard.Source.1.5.1\src\Orchard\Environment\DefaultOrchardHost.cs:line 174
   at Orchard.Environment.DefaultOrchardHost.CreateAndActivateShells() in C:\Projectos\Orchard.Source.1.5.1\src\Orchard\Environment\DefaultOrchardHost.cs:line 134
2013-02-15 14:59:19,654 [10] Orchard.Environment.DefaultOrchardHost - A tenant could not be started: Default
System.Data.SqlClient.SqlException (0x80131904): A network-related or instance-specific error occurred while establishing a connection to SQL Server. The server was not found or was not accessible. Verify that the instance name is correct and that SQL Server is configured to allow remote connections. (provider: Named Pipes Provider, error: 40 - Could not open a connection to SQL Server)
   at System.Data.ProviderBase.DbConnectionPool.GetConnection(DbConnection owningObject)
   at System.Data.ProviderBase.DbConnectionFactory.GetConnection(DbConnection owningConnection)
   at System.Data.ProviderBase.DbConnectionClosed.OpenConnection(DbConnection outerConnection, DbConnectionFactory connectionFactory)
   at System.Data.SqlClient.SqlConnection.Open()
   at NHibernate.Connection.DriverConnectionProvider.GetConnection()
   at NHibernate.Tool.hbm2ddl.SuppliedConnectionProviderConnectionHelper.Prepare()
   at NHibernate.Tool.hbm2ddl.SchemaMetadataUpdater.GetReservedWords(Dialect dialect, IConnectionHelper connectionHelper)
   at NHibernate.Tool.hbm2ddl.SchemaMetadataUpdater.Update(ISessionFactory sessionFactory)
   at NHibernate.Impl.SessionFactoryImpl..ctor(Configuration cfg, IMapping mapping, Settings settings, EventListeners listeners)
   at NHibernate.Cfg.Configuration.BuildSessionFactory()
   at Orchard.Data.SessionFactoryHolder.BuildSessionFactory() in C:\Projectos\Orchard.Source.1.5.1\src\Orchard\Data\SessionFactoryHolder.cs:line 83
   at Orchard.Data.SessionFactoryHolder.GetSessionFactory() in C:\Projectos\Orchard.Source.1.5.1\src\Orchard\Data\SessionFactoryHolder.cs:line 61
   at Orchard.Data.SessionLocator.For(Type entityType) in C:\Projectos\Orchard.Source.1.5.1\src\Orchard\Data\SessionLocator.cs:line 29
   at Orchard.Data.Repository`1.get_Session() in C:\Projectos\Orchard.Source.1.5.1\src\Orchard\Data\Repository.cs:line 26
   at Orchard.Data.Repository`1.get_Table() in C:\Projectos\Orchard.Source.1.5.1\src\Orchard\Data\Repository.cs:line 30
   at Orchard.Data.Repository`1.Fetch(Expression`1 predicate) in C:\Projectos\Orchard.Source.1.5.1\src\Orchard\Data\Repository.cs:line 126
   at Orchard.Data.Repository`1.Get(Expression`1 predicate) in C:\Projectos\Orchard.Source.1.5.1\src\Orchard\Data\Repository.cs:line 91
   at Orchard.Data.Repository`1.Orchard.Data.IRepository<T>.Get(Expression`1 predicate) in C:\Projectos\Orchard.Source.1.5.1\src\Orchard\Data\Repository.cs:line 60
   at Orchard.Core.Settings.Descriptor.ShellDescriptorManager.GetDescriptorRecord() in C:\Projectos\Orchard.Source.1.5.1\src\Orchard.Web\Core\Settings\Descriptor\ShellDescriptorManager.cs:line 57
   at Orchard.Core.Settings.Descriptor.ShellDescriptorManager.GetShellDescriptor() in C:\Projectos\Orchard.Source.1.5.1\src\Orchard.Web\Core\Settings\Descriptor\ShellDescriptorManager.cs:line 30
   at Orchard.Environment.ShellBuilders.ShellContextFactory.CreateShellContext(ShellSettings settings) in C:\Projectos\Orchard.Source.1.5.1\src\Orchard\Environment\ShellBuilders\ShellContextFactory.cs:line 66
   at Orchard.Environment.DefaultOrchardHost.CreateShellContext(ShellSettings settings) in C:\Projectos\Orchard.Source.1.5.1\src\Orchard\Environment\DefaultOrchardHost.cs:line 174
   at Orchard.Environment.DefaultOrchardHost.CreateAndActivateShells() in C:\Projectos\Orchard.Source.1.5.1\src\Orchard\Environment\DefaultOrchardHost.cs:line 134
2013-02-15 15:14:15,731 [14] Orchard.FileSystems.AppData.AppDataFolder - Could not delete recipe execution folder C:\Projectos\Orchard.Source.1.5.1\src\Orchard.Web\App_Data\RecipeQueue\d56a80af7b5241e7bee2c751f988f343 under "App_Data" folder
2013-02-15 22:42:36,188 [6] Orchard.Environment.DefaultOrchardHost - A tenant could not be started: Default
System.Data.SqlClient.SqlException (0x80131904): Timeout expired.  The timeout period elapsed prior to completion of the operation or the server is not responding.
   at System.Data.SqlClient.SqlInternalConnection.OnError(SqlException exception, Boolean breakConnection)
   at System.Data.SqlClient.TdsParser.ThrowExceptionAndWarning()
   at System.Data.SqlClient.TdsParserStateObject.ReadSniError(TdsParserStateObject stateObj, UInt32 error)
   at System.Data.SqlClient.TdsParserStateObject.ReadSni(DbAsyncResult asyncResult, TdsParserStateObject stateObj)
   at System.Data.SqlClient.TdsParserStateObject.ReadNetworkPacket()
   at System.Data.SqlClient.TdsParserStateObject.ReadBuffer()
   at System.Data.SqlClient.TdsParserStateObject.ReadByte()
   at System.Data.SqlClient.TdsParser.Run(RunBehavior runBehavior, SqlCommand cmdHandler, SqlDataReader dataStream, BulkCopySimpleResultSet bulkCopyHandler, TdsParserStateObject stateObj)
   at System.Data.SqlClient.SqlInternalConnectionTds.CompleteLogin(Boolean enlistOK)
   at System.Data.SqlClient.SqlInternalConnectionTds.AttemptOneLogin(ServerInfo serverInfo, String newPassword, Boolean ignoreSniOpenTimeout, TimeoutTimer timeout, SqlConnection owningObject)
   at System.Data.SqlClient.SqlInternalConnectionTds.LoginNoFailover(ServerInfo serverInfo, String newPassword, Boolean redirectedUserInstance, SqlConnection owningObject, SqlConnectionString connectionOptions, TimeoutTimer timeout)
   at System.Data.SqlClient.SqlInternalConnectionTds.OpenLoginEnlist(SqlConnection owningObject, TimeoutTimer timeout, SqlConnectionString connectionOptions, String newPassword, Boolean redirectedUserInstance)
   at System.Data.SqlClient.SqlInternalConnectionTds..ctor(DbConnectionPoolIdentity identity, SqlConnectionString connectionOptions, Object providerInfo, String newPassword, SqlConnection owningObject, Boolean redirectedUserInstance)
   at System.Data.SqlClient.SqlConnectionFactory.CreateConnection(DbConnectionOptions options, Object poolGroupProviderInfo, DbConnectionPool pool, DbConnection owningConnection)
   at System.Data.ProviderBase.DbConnectionFactory.CreatePooledConnection(DbConnection owningConnection, DbConnectionPool pool, DbConnectionOptions options)
   at System.Data.ProviderBase.DbConnectionPool.CreateObject(DbConnection owningObject)
   at System.Data.ProviderBase.DbConnectionPool.UserCreateRequest(DbConnection owningObject)
   at System.Data.ProviderBase.DbConnectionPool.GetConnection(DbConnection owningObject)
   at System.Data.ProviderBase.DbConnectionFactory.GetConnection(DbConnection owningConnection)
   at System.Data.ProviderBase.DbConnectionClosed.OpenConnection(DbConnection outerConnection, DbConnectionFactory connectionFactory)
   at System.Data.SqlClient.SqlConnection.Open()
   at NHibernate.Connection.DriverConnectionProvider.GetConnection()
   at NHibernate.Tool.hbm2ddl.SuppliedConnectionProviderConnectionHelper.Prepare()
   at NHibernate.Tool.hbm2ddl.SchemaMetadataUpdater.GetReservedWords(Dialect dialect, IConnectionHelper connectionHelper)
   at NHibernate.Tool.hbm2ddl.SchemaMetadataUpdater.Update(ISessionFactory sessionFactory)
   at NHibernate.Impl.SessionFactoryImpl..ctor(Configuration cfg, IMapping mapping, Settings settings, EventListeners listeners)
   at NHibernate.Cfg.Configuration.BuildSessionFactory()
   at Orchard.Data.SessionFactoryHolder.BuildSessionFactory() in C:\Projectos\Orchard.Source.1.5.1\src\Orchard\Data\SessionFactoryHolder.cs:line 83
   at Orchard.Data.SessionFactoryHolder.GetSessionFactory() in C:\Projectos\Orchard.Source.1.5.1\src\Orchard\Data\SessionFactoryHolder.cs:line 61
   at Orchard.Data.SessionLocator.For(Type entityType) in C:\Projectos\Orchard.Source.1.5.1\src\Orchard\Data\SessionLocator.cs:line 29
   at Orchard.Data.Repository`1.get_Session() in C:\Projectos\Orchard.Source.1.5.1\src\Orchard\Data\Repository.cs:line 26
   at Orchard.Data.Repository`1.get_Table() in C:\Projectos\Orchard.Source.1.5.1\src\Orchard\Data\Repository.cs:line 30
   at Orchard.Data.Repository`1.Fetch(Expression`1 predicate) in C:\Projectos\Orchard.Source.1.5.1\src\Orchard\Data\Repository.cs:line 126
   at Orchard.Data.Repository`1.Get(Expression`1 predicate) in C:\Projectos\Orchard.Source.1.5.1\src\Orchard\Data\Repository.cs:line 91
   at Orchard.Data.Repository`1.Orchard.Data.IRepository<T>.Get(Expression`1 predicate) in C:\Projectos\Orchard.Source.1.5.1\src\Orchard\Data\Repository.cs:line 60
   at Orchard.Core.Settings.Descriptor.ShellDescriptorManager.GetDescriptorRecord() in C:\Projectos\Orchard.Source.1.5.1\src\Orchard.Web\Core\Settings\Descriptor\ShellDescriptorManager.cs:line 57
   at Orchard.Core.Settings.Descriptor.ShellDescriptorManager.GetShellDescriptor() in C:\Projectos\Orchard.Source.1.5.1\src\Orchard.Web\Core\Settings\Descriptor\ShellDescriptorManager.cs:line 30
   at Orchard.Environment.ShellBuilders.ShellContextFactory.CreateShellContext(ShellSettings settings) in C:\Projectos\Orchard.Source.1.5.1\src\Orchard\Environment\ShellBuilders\ShellContextFactory.cs:line 66
   at Orchard.Environment.DefaultOrchardHost.CreateShellContext(ShellSettings settings) in C:\Projectos\Orchard.Source.1.5.1\src\Orchard\Environment\DefaultOrchardHost.cs:line 174
   at Orchard.Environment.DefaultOrchardHost.CreateAndActivateShells() in C:\Projectos\Orchard.Source.1.5.1\src\Orchard\Environment\DefaultOrchardHost.cs:line 134
2013-02-15 22:42:38,831 [6] Orchard.Environment.DefaultOrchardHost - A tenant could not be started: Default
System.Data.SqlClient.SqlException (0x80131904): Timeout expired.  The timeout period elapsed prior to completion of the operation or the server is not responding.
   at System.Data.ProviderBase.DbConnectionPool.GetConnection(DbConnection owningObject)
   at System.Data.ProviderBase.DbConnectionFactory.GetConnection(DbConnection owningConnection)
   at System.Data.ProviderBase.DbConnectionClosed.OpenConnection(DbConnection outerConnection, DbConnectionFactory connectionFactory)
   at System.Data.SqlClient.SqlConnection.Open()
   at NHibernate.Connection.DriverConnectionProvider.GetConnection()
   at NHibernate.Tool.hbm2ddl.SuppliedConnectionProviderConnectionHelper.Prepare()
   at NHibernate.Tool.hbm2ddl.SchemaMetadataUpdater.GetReservedWords(Dialect dialect, IConnectionHelper connectionHelper)
   at NHibernate.Tool.hbm2ddl.SchemaMetadataUpdater.Update(ISessionFactory sessionFactory)
   at NHibernate.Impl.SessionFactoryImpl..ctor(Configuration cfg, IMapping mapping, Settings settings, EventListeners listeners)
   at NHibernate.Cfg.Configuration.BuildSessionFactory()
   at Orchard.Data.SessionFactoryHolder.BuildSessionFactory() in C:\Projectos\Orchard.Source.1.5.1\src\Orchard\Data\SessionFactoryHolder.cs:line 83
   at Orchard.Data.SessionFactoryHolder.GetSessionFactory() in C:\Projectos\Orchard.Source.1.5.1\src\Orchard\Data\SessionFactoryHolder.cs:line 61
   at Orchard.Data.SessionLocator.For(Type entityType) in C:\Projectos\Orchard.Source.1.5.1\src\Orchard\Data\SessionLocator.cs:line 29
   at Orchard.Data.Repository`1.get_Session() in C:\Projectos\Orchard.Source.1.5.1\src\Orchard\Data\Repository.cs:line 26
   at Orchard.Data.Repository`1.get_Table() in C:\Projectos\Orchard.Source.1.5.1\src\Orchard\Data\Repository.cs:line 30
   at Orchard.Data.Repository`1.Fetch(Expression`1 predicate) in C:\Projectos\Orchard.Source.1.5.1\src\Orchard\Data\Repository.cs:line 126
   at Orchard.Data.Repository`1.Get(Expression`1 predicate) in C:\Projectos\Orchard.Source.1.5.1\src\Orchard\Data\Repository.cs:line 91
   at Orchard.Data.Repository`1.Orchard.Data.IRepository<T>.Get(Expression`1 predicate) in C:\Projectos\Orchard.Source.1.5.1\src\Orchard\Data\Repository.cs:line 60
   at Orchard.Core.Settings.Descriptor.ShellDescriptorManager.GetDescriptorRecord() in C:\Projectos\Orchard.Source.1.5.1\src\Orchard.Web\Core\Settings\Descriptor\ShellDescriptorManager.cs:line 57
   at Orchard.Core.Settings.Descriptor.ShellDescriptorManager.GetShellDescriptor() in C:\Projectos\Orchard.Source.1.5.1\src\Orchard.Web\Core\Settings\Descriptor\ShellDescriptorManager.cs:line 30
   at Orchard.Environment.ShellBuilders.ShellContextFactory.CreateShellContext(ShellSettings settings) in C:\Projectos\Orchard.Source.1.5.1\src\Orchard\Environment\ShellBuilders\ShellContextFactory.cs:line 66
   at Orchard.Environment.DefaultOrchardHost.CreateShellContext(ShellSettings settings) in C:\Projectos\Orchard.Source.1.5.1\src\Orchard\Environment\DefaultOrchardHost.cs:line 174
   at Orchard.Environment.DefaultOrchardHost.CreateAndActivateShells() in C:\Projectos\Orchard.Source.1.5.1\src\Orchard\Environment\DefaultOrchardHost.cs:line 134
2013-02-15 22:42:39,541 [6] Orchard.Environment.DefaultOrchardHost - A tenant could not be started: Default
System.Data.SqlClient.SqlException (0x80131904): Timeout expired.  The timeout period elapsed prior to completion of the operation or the server is not responding.
   at System.Data.ProviderBase.DbConnectionPool.GetConnection(DbConnection owningObject)
   at System.Data.ProviderBase.DbConnectionFactory.GetConnection(DbConnection owningConnection)
   at System.Data.ProviderBase.DbConnectionClosed.OpenConnection(DbConnection outerConnection, DbConnectionFactory connectionFactory)
   at System.Data.SqlClient.SqlConnection.Open()
   at NHibernate.Connection.DriverConnectionProvider.GetConnection()
   at NHibernate.Tool.hbm2ddl.SuppliedConnectionProviderConnectionHelper.Prepare()
   at NHibernate.Tool.hbm2ddl.SchemaMetadataUpdater.GetReservedWords(Dialect dialect, IConnectionHelper connectionHelper)
   at NHibernate.Tool.hbm2ddl.SchemaMetadataUpdater.Update(ISessionFactory sessionFactory)
   at NHibernate.Impl.SessionFactoryImpl..ctor(Configuration cfg, IMapping mapping, Settings settings, EventListeners listeners)
   at NHibernate.Cfg.Configuration.BuildSessionFactory()
   at Orchard.Data.SessionFactoryHolder.BuildSessionFactory() in C:\Projectos\Orchard.Source.1.5.1\src\Orchard\Data\SessionFactoryHolder.cs:line 83
   at Orchard.Data.SessionFactoryHolder.GetSessionFactory() in C:\Projectos\Orchard.Source.1.5.1\src\Orchard\Data\SessionFactoryHolder.cs:line 61
   at Orchard.Data.SessionLocator.For(Type entityType) in C:\Projectos\Orchard.Source.1.5.1\src\Orchard\Data\SessionLocator.cs:line 29
   at Orchard.Data.Repository`1.get_Session() in C:\Projectos\Orchard.Source.1.5.1\src\Orchard\Data\Repository.cs:line 26
   at Orchard.Data.Repository`1.get_Table() in C:\Projectos\Orchard.Source.1.5.1\src\Orchard\Data\Repository.cs:line 30
   at Orchard.Data.Repository`1.Fetch(Expression`1 predicate) in C:\Projectos\Orchard.Source.1.5.1\src\Orchard\Data\Repository.cs:line 126
   at Orchard.Data.Repository`1.Get(Expression`1 predicate) in C:\Projectos\Orchard.Source.1.5.1\src\Orchard\Data\Repository.cs:line 91
   at Orchard.Data.Repository`1.Orchard.Data.IRepository<T>.Get(Expression`1 predicate) in C:\Projectos\Orchard.Source.1.5.1\src\Orchard\Data\Repository.cs:line 60
   at Orchard.Core.Settings.Descriptor.ShellDescriptorManager.GetDescriptorRecord() in C:\Projectos\Orchard.Source.1.5.1\src\Orchard.Web\Core\Settings\Descriptor\ShellDescriptorManager.cs:line 57
   at Orchard.Core.Settings.Descriptor.ShellDescriptorManager.GetShellDescriptor() in C:\Projectos\Orchard.Source.1.5.1\src\Orchard.Web\Core\Settings\Descriptor\ShellDescriptorManager.cs:line 30
   at Orchard.Environment.ShellBuilders.ShellContextFactory.CreateShellContext(ShellSettings settings) in C:\Projectos\Orchard.Source.1.5.1\src\Orchard\Environment\ShellBuilders\ShellContextFactory.cs:line 66
   at Orchard.Environment.DefaultOrchardHost.CreateShellContext(ShellSettings settings) in C:\Projectos\Orchard.Source.1.5.1\src\Orchard\Environment\DefaultOrchardHost.cs:line 174
   at Orchard.Environment.DefaultOrchardHost.CreateAndActivateShells() in C:\Projectos\Orchard.Source.1.5.1\src\Orchard\Environment\DefaultOrchardHost.cs:line 134
