2012-11-22 16:06:25,858 [6] NHibernate.AdoNet.AbstractBatcher - Could not execute query: SELECT this_.Id as Id76_4_, this_.Number as Number76_4_, this_.Published as Published76_4_, this_.Latest as Latest76_4_, this_.Data as Data76_4_, this_.ContentItemRecord_id as ContentI6_76_4_, titlepartr3_.Id as Id23_0_, titlepartr3_.Title as Title23_0_, titlepartr3_.ContentItemRecord_id as ContentI3_23_0_, contentite1_.Id as Id73_1_, contentite1_.Data as Data73_1_, contentite1_.ContentType_id as ContentT3_73_1_, blogpartre2_.Id as Id32_2_, blogpartre2_.Description as Descript2_32_2_, blogpartre2_.PostCount as PostCount32_2_, contenttyp8_.Id as Id74_3_, contenttyp8_.Name as Name74_3_ FROM orchard_Orchard_Framework_ContentItemVersionRecord this_ inner join orchard_Title_TitlePartRecord titlepartr3_ on this_.Id=titlepartr3_.Id inner join orchard_Orchard_Framework_ContentItemRecord contentite1_ on this_.ContentItemRecord_id=contentite1_.Id inner join orchard_Orchard_Blogs_BlogPartRecord blogpartre2_ on contentite1_.Id=blogpartre2_.Id left outer join orchard_Orchard_Framework_ContentTypeRecord contenttyp8_ on contentite1_.ContentType_id=contenttyp8_.Id WHERE this_.Published = @p0 ORDER BY titlepartr3_.Title asc
System.Data.SqlClient.SqlException (0x80131904): A transport-level error has occurred when receiving results from the server. (provider: TCP Provider, error: 0 - The specified network name is no longer available.)
   at System.Data.SqlClient.SqlConnection.OnError(SqlException exception, Boolean breakConnection)
   at System.Data.SqlClient.SqlInternalConnection.OnError(SqlException exception, Boolean breakConnection)
   at System.Data.SqlClient.TdsParser.ThrowExceptionAndWarning()
   at System.Data.SqlClient.TdsParserStateObject.ReadSniError(TdsParserStateObject stateObj, UInt32 error)
   at System.Data.SqlClient.TdsParserStateObject.ReadSni(DbAsyncResult asyncResult, TdsParserStateObject stateObj)
   at System.Data.SqlClient.TdsParserStateObject.ReadNetworkPacket()
   at System.Data.SqlClient.TdsParserStateObject.ReadBuffer()
   at System.Data.SqlClient.TdsParserStateObject.ReadByte()
   at System.Data.SqlClient.TdsParser.Run(RunBehavior runBehavior, SqlCommand cmdHandler, SqlDataReader dataStream, BulkCopySimpleResultSet bulkCopyHandler, TdsParserStateObject stateObj)
   at System.Data.SqlClient.SqlDataReader.ConsumeMetaData()
   at System.Data.SqlClient.SqlDataReader.get_MetaData()
   at System.Data.SqlClient.SqlCommand.FinishExecuteReader(SqlDataReader ds, RunBehavior runBehavior, String resetOptionsString)
   at System.Data.SqlClient.SqlCommand.RunExecuteReaderTds(CommandBehavior cmdBehavior, RunBehavior runBehavior, Boolean returnStream, Boolean async)
   at System.Data.SqlClient.SqlCommand.RunExecuteReader(CommandBehavior cmdBehavior, RunBehavior runBehavior, Boolean returnStream, String method, DbAsyncResult result)
   at System.Data.SqlClient.SqlCommand.RunExecuteReader(CommandBehavior cmdBehavior, RunBehavior runBehavior, Boolean returnStream, String method)
   at System.Data.SqlClient.SqlCommand.ExecuteReader(CommandBehavior behavior, String method)
   at System.Data.SqlClient.SqlCommand.ExecuteDbDataReader(CommandBehavior behavior)
   at System.Data.Common.DbCommand.System.Data.IDbCommand.ExecuteReader()
   at NHibernate.AdoNet.AbstractBatcher.ExecuteReader(IDbCommand cmd)
2012-11-22 16:06:26,405 [6] NHibernate.Util.ADOExceptionReporter - System.Data.SqlClient.SqlException (0x80131904): A transport-level error has occurred when receiving results from the server. (provider: TCP Provider, error: 0 - The specified network name is no longer available.)
   at System.Data.SqlClient.SqlConnection.OnError(SqlException exception, Boolean breakConnection)
   at System.Data.SqlClient.SqlInternalConnection.OnError(SqlException exception, Boolean breakConnection)
   at System.Data.SqlClient.TdsParser.ThrowExceptionAndWarning()
   at System.Data.SqlClient.TdsParserStateObject.ReadSniError(TdsParserStateObject stateObj, UInt32 error)
   at System.Data.SqlClient.TdsParserStateObject.ReadSni(DbAsyncResult asyncResult, TdsParserStateObject stateObj)
   at System.Data.SqlClient.TdsParserStateObject.ReadNetworkPacket()
   at System.Data.SqlClient.TdsParserStateObject.ReadBuffer()
   at System.Data.SqlClient.TdsParserStateObject.ReadByte()
   at System.Data.SqlClient.TdsParser.Run(RunBehavior runBehavior, SqlCommand cmdHandler, SqlDataReader dataStream, BulkCopySimpleResultSet bulkCopyHandler, TdsParserStateObject stateObj)
   at System.Data.SqlClient.SqlDataReader.ConsumeMetaData()
   at System.Data.SqlClient.SqlDataReader.get_MetaData()
   at System.Data.SqlClient.SqlCommand.FinishExecuteReader(SqlDataReader ds, RunBehavior runBehavior, String resetOptionsString)
   at System.Data.SqlClient.SqlCommand.RunExecuteReaderTds(CommandBehavior cmdBehavior, RunBehavior runBehavior, Boolean returnStream, Boolean async)
   at System.Data.SqlClient.SqlCommand.RunExecuteReader(CommandBehavior cmdBehavior, RunBehavior runBehavior, Boolean returnStream, String method, DbAsyncResult result)
   at System.Data.SqlClient.SqlCommand.RunExecuteReader(CommandBehavior cmdBehavior, RunBehavior runBehavior, Boolean returnStream, String method)
   at System.Data.SqlClient.SqlCommand.ExecuteReader(CommandBehavior behavior, String method)
   at System.Data.SqlClient.SqlCommand.ExecuteDbDataReader(CommandBehavior behavior)
   at System.Data.Common.DbCommand.System.Data.IDbCommand.ExecuteReader()
   at NHibernate.AdoNet.AbstractBatcher.ExecuteReader(IDbCommand cmd)
   at NHibernate.Loader.Loader.GetResultSet(IDbCommand st, Boolean autoDiscoverTypes, Boolean callable, RowSelection selection, ISessionImplementor session)
2012-11-22 16:06:26,436 [6] NHibernate.Util.ADOExceptionReporter - A transport-level error has occurred when receiving results from the server. (provider: TCP Provider, error: 0 - The specified network name is no longer available.)
2012-11-22 16:06:26,436 [6] NHibernate.Util.ADOExceptionReporter - System.Data.SqlClient.SqlException (0x80131904): A transport-level error has occurred when receiving results from the server. (provider: TCP Provider, error: 0 - The specified network name is no longer available.)
   at System.Data.SqlClient.SqlConnection.OnError(SqlException exception, Boolean breakConnection)
   at System.Data.SqlClient.SqlInternalConnection.OnError(SqlException exception, Boolean breakConnection)
   at System.Data.SqlClient.TdsParser.ThrowExceptionAndWarning()
   at System.Data.SqlClient.TdsParserStateObject.ReadSniError(TdsParserStateObject stateObj, UInt32 error)
   at System.Data.SqlClient.TdsParserStateObject.ReadSni(DbAsyncResult asyncResult, TdsParserStateObject stateObj)
   at System.Data.SqlClient.TdsParserStateObject.ReadNetworkPacket()
   at System.Data.SqlClient.TdsParserStateObject.ReadBuffer()
   at System.Data.SqlClient.TdsParserStateObject.ReadByte()
   at System.Data.SqlClient.TdsParser.Run(RunBehavior runBehavior, SqlCommand cmdHandler, SqlDataReader dataStream, BulkCopySimpleResultSet bulkCopyHandler, TdsParserStateObject stateObj)
   at System.Data.SqlClient.SqlDataReader.ConsumeMetaData()
   at System.Data.SqlClient.SqlDataReader.get_MetaData()
   at System.Data.SqlClient.SqlCommand.FinishExecuteReader(SqlDataReader ds, RunBehavior runBehavior, String resetOptionsString)
   at System.Data.SqlClient.SqlCommand.RunExecuteReaderTds(CommandBehavior cmdBehavior, RunBehavior runBehavior, Boolean returnStream, Boolean async)
   at System.Data.SqlClient.SqlCommand.RunExecuteReader(CommandBehavior cmdBehavior, RunBehavior runBehavior, Boolean returnStream, String method, DbAsyncResult result)
   at System.Data.SqlClient.SqlCommand.RunExecuteReader(CommandBehavior cmdBehavior, RunBehavior runBehavior, Boolean returnStream, String method)
   at System.Data.SqlClient.SqlCommand.ExecuteReader(CommandBehavior behavior, String method)
   at System.Data.SqlClient.SqlCommand.ExecuteDbDataReader(CommandBehavior behavior)
   at System.Data.Common.DbCommand.System.Data.IDbCommand.ExecuteReader()
   at NHibernate.AdoNet.AbstractBatcher.ExecuteReader(IDbCommand cmd)
   at NHibernate.Loader.Loader.GetResultSet(IDbCommand st, Boolean autoDiscoverTypes, Boolean callable, RowSelection selection, ISessionImplementor session)
   at NHibernate.Loader.Loader.DoQuery(ISessionImplementor session, QueryParameters queryParameters, Boolean returnProxies)
   at NHibernate.Loader.Loader.DoQueryAndInitializeNonLazyCollections(ISessionImplementor session, QueryParameters queryParameters, Boolean returnProxies)
   at NHibernate.Loader.Loader.DoList(ISessionImplementor session, QueryParameters queryParameters)
2012-11-22 16:06:26,436 [6] NHibernate.Util.ADOExceptionReporter - A transport-level error has occurred when receiving results from the server. (provider: TCP Provider, error: 0 - The specified network name is no longer available.)
2012-11-22 16:06:26,452 [6] Orchard.Tasks.BackgroundService - Error while processing background task
NHibernate.ADOException: could not execute query
[ SELECT this_.Id as Id76_4_, this_.Number as Number76_4_, this_.Published as Published76_4_, this_.Latest as Latest76_4_, this_.Data as Data76_4_, this_.ContentItemRecord_id as ContentI6_76_4_, titlepartr3_.Id as Id23_0_, titlepartr3_.Title as Title23_0_, titlepartr3_.ContentItemRecord_id as ContentI3_23_0_, contentite1_.Id as Id73_1_, contentite1_.Data as Data73_1_, contentite1_.ContentType_id as ContentT3_73_1_, blogpartre2_.Id as Id32_2_, blogpartre2_.Description as Descript2_32_2_, blogpartre2_.PostCount as PostCount32_2_, contenttyp8_.Id as Id74_3_, contenttyp8_.Name as Name74_3_ FROM orchard_Orchard_Framework_ContentItemVersionRecord this_ inner join orchard_Title_TitlePartRecord titlepartr3_ on this_.Id=titlepartr3_.Id inner join orchard_Orchard_Framework_ContentItemRecord contentite1_ on this_.ContentItemRecord_id=contentite1_.Id inner join orchard_Orchard_Blogs_BlogPartRecord blogpartre2_ on contentite1_.Id=blogpartre2_.Id left outer join orchard_Orchard_Framework_ContentTypeRecord contenttyp8_ on contentite1_.ContentType_id=contenttyp8_.Id WHERE this_.Published = @p0 ORDER BY titlepartr3_.Title asc ]
Positional parameters:  #0>True
[SQL: SELECT this_.Id as Id76_4_, this_.Number as Number76_4_, this_.Published as Published76_4_, this_.Latest as Latest76_4_, this_.Data as Data76_4_, this_.ContentItemRecord_id as ContentI6_76_4_, titlepartr3_.Id as Id23_0_, titlepartr3_.Title as Title23_0_, titlepartr3_.ContentItemRecord_id as ContentI3_23_0_, contentite1_.Id as Id73_1_, contentite1_.Data as Data73_1_, contentite1_.ContentType_id as ContentT3_73_1_, blogpartre2_.Id as Id32_2_, blogpartre2_.Description as Descript2_32_2_, blogpartre2_.PostCount as PostCount32_2_, contenttyp8_.Id as Id74_3_, contenttyp8_.Name as Name74_3_ FROM orchard_Orchard_Framework_ContentItemVersionRecord this_ inner join orchard_Title_TitlePartRecord titlepartr3_ on this_.Id=titlepartr3_.Id inner join orchard_Orchard_Framework_ContentItemRecord contentite1_ on this_.ContentItemRecord_id=contentite1_.Id inner join orchard_Orchard_Blogs_BlogPartRecord blogpartre2_ on contentite1_.Id=blogpartre2_.Id left outer join orchard_Orchard_Framework_ContentTypeRecord contenttyp8_ on contentite1_.ContentType_id=contenttyp8_.Id WHERE this_.Published = @p0 ORDER BY titlepartr3_.Title asc] ---> System.Data.SqlClient.SqlException: A transport-level error has occurred when receiving results from the server. (provider: TCP Provider, error: 0 - The specified network name is no longer available.)
   at System.Data.SqlClient.SqlConnection.OnError(SqlException exception, Boolean breakConnection)
   at System.Data.SqlClient.SqlInternalConnection.OnError(SqlException exception, Boolean breakConnection)
   at System.Data.SqlClient.TdsParser.ThrowExceptionAndWarning()
   at System.Data.SqlClient.TdsParserStateObject.ReadSniError(TdsParserStateObject stateObj, UInt32 error)
   at System.Data.SqlClient.TdsParserStateObject.ReadSni(DbAsyncResult asyncResult, TdsParserStateObject stateObj)
   at System.Data.SqlClient.TdsParserStateObject.ReadNetworkPacket()
   at System.Data.SqlClient.TdsParserStateObject.ReadBuffer()
   at System.Data.SqlClient.TdsParserStateObject.ReadByte()
   at System.Data.SqlClient.TdsParser.Run(RunBehavior runBehavior, SqlCommand cmdHandler, SqlDataReader dataStream, BulkCopySimpleResultSet bulkCopyHandler, TdsParserStateObject stateObj)
   at System.Data.SqlClient.SqlDataReader.ConsumeMetaData()
   at System.Data.SqlClient.SqlDataReader.get_MetaData()
   at System.Data.SqlClient.SqlCommand.FinishExecuteReader(SqlDataReader ds, RunBehavior runBehavior, String resetOptionsString)
   at System.Data.SqlClient.SqlCommand.RunExecuteReaderTds(CommandBehavior cmdBehavior, RunBehavior runBehavior, Boolean returnStream, Boolean async)
   at System.Data.SqlClient.SqlCommand.RunExecuteReader(CommandBehavior cmdBehavior, RunBehavior runBehavior, Boolean returnStream, String method, DbAsyncResult result)
   at System.Data.SqlClient.SqlCommand.RunExecuteReader(CommandBehavior cmdBehavior, RunBehavior runBehavior, Boolean returnStream, String method)
   at System.Data.SqlClient.SqlCommand.ExecuteReader(CommandBehavior behavior, String method)
   at System.Data.SqlClient.SqlCommand.ExecuteDbDataReader(CommandBehavior behavior)
   at System.Data.Common.DbCommand.System.Data.IDbCommand.ExecuteReader()
   at NHibernate.AdoNet.AbstractBatcher.ExecuteReader(IDbCommand cmd)
   at NHibernate.Loader.Loader.GetResultSet(IDbCommand st, Boolean autoDiscoverTypes, Boolean callable, RowSelection selection, ISessionImplementor session)
   at NHibernate.Loader.Loader.DoQuery(ISessionImplementor session, QueryParameters queryParameters, Boolean returnProxies)
   at NHibernate.Loader.Loader.DoQueryAndInitializeNonLazyCollections(ISessionImplementor session, QueryParameters queryParameters, Boolean returnProxies)
   at NHibernate.Loader.Loader.DoList(ISessionImplementor session, QueryParameters queryParameters)
   --- End of inner exception stack trace ---
   at NHibernate.Loader.Loader.DoList(ISessionImplementor session, QueryParameters queryParameters)
   at NHibernate.Loader.Loader.ListIgnoreQueryCache(ISessionImplementor session, QueryParameters queryParameters)
   at NHibernate.Loader.Loader.List(ISessionImplementor session, QueryParameters queryParameters, ISet`1 querySpaces, IType[] resultTypes)
   at NHibernate.Impl.SessionImpl.List(CriteriaImpl criteria, IList results)
   at NHibernate.Impl.CriteriaImpl.List(IList results)
   at NHibernate.Impl.CriteriaImpl.List[T]()
   at Orchard.ContentManagement.DefaultContentQuery.Slice(Int32 skip, Int32 count) in C:\Projectos\Orchard.Source.1.5.1\src\Orchard\ContentManagement\DefaultContentQuery.cs:line 146
   at Orchard.ContentManagement.DefaultContentQuery.ContentQuery`1.Orchard.ContentManagement.IContentQuery<T>.List() in C:\Projectos\Orchard.Source.1.5.1\src\Orchard\ContentManagement\DefaultContentQuery.cs:line 191
   at Orchard.Blogs.Services.BlogService.Get(VersionOptions versionOptions)
   at Orchard.Blogs.Services.BlogService.Get()
   at Orchard.Blogs.Routing.BlogPathConstraintUpdator.Refresh()
   at Orchard.Blogs.Routing.BlogPathConstraintUpdator.Orchard.Tasks.IBackgroundTask.Sweep()
   at Orchard.Tasks.BackgroundService.Sweep() in C:\Projectos\Orchard.Source.1.5.1\src\Orchard\Tasks\BackgroundService.cs:line 31
2012-11-22 16:07:13,811 [6] NHibernate.Util.ADOExceptionReporter - System.Data.SqlClient.SqlException (0x80131904): A network-related or instance-specific error occurred while establishing a connection to SQL Server. The server was not found or was not accessible. Verify that the instance name is correct and that SQL Server is configured to allow remote connections. (provider: Named Pipes Provider, error: 40 - Could not open a connection to SQL Server)
   at System.Data.SqlClient.SqlInternalConnection.OnError(SqlException exception, Boolean breakConnection)
   at System.Data.SqlClient.TdsParser.ThrowExceptionAndWarning()
   at System.Data.SqlClient.TdsParser.Connect(ServerInfo serverInfo, SqlInternalConnectionTds connHandler, Boolean ignoreSniOpenTimeout, Int64 timerExpire, Boolean encrypt, Boolean trustServerCert, Boolean integratedSecurity)
   at System.Data.SqlClient.SqlInternalConnectionTds.AttemptOneLogin(ServerInfo serverInfo, String newPassword, Boolean ignoreSniOpenTimeout, TimeoutTimer timeout, SqlConnection owningObject)
   at System.Data.SqlClient.SqlInternalConnectionTds.LoginNoFailover(ServerInfo serverInfo, String newPassword, Boolean redirectedUserInstance, SqlConnection owningObject, SqlConnectionString connectionOptions, TimeoutTimer timeout)
   at System.Data.SqlClient.SqlInternalConnectionTds.OpenLoginEnlist(SqlConnection owningObject, TimeoutTimer timeout, SqlConnectionString connectionOptions, String newPassword, Boolean redirectedUserInstance)
   at System.Data.SqlClient.SqlInternalConnectionTds..ctor(DbConnectionPoolIdentity identity, SqlConnectionString connectionOptions, Object providerInfo, String newPassword, SqlConnection owningObject, Boolean redirectedUserInstance)
   at System.Data.SqlClient.SqlConnectionFactory.CreateConnection(DbConnectionOptions options, Object poolGroupProviderInfo, DbConnectionPool pool, DbConnection owningConnection)
   at System.Data.ProviderBase.DbConnectionFactory.CreatePooledConnection(DbConnection owningConnection, DbConnectionPool pool, DbConnectionOptions options)
   at System.Data.ProviderBase.DbConnectionPool.CreateObject(DbConnection owningObject)
   at System.Data.ProviderBase.DbConnectionPool.UserCreateRequest(DbConnection owningObject)
   at System.Data.ProviderBase.DbConnectionPool.GetConnection(DbConnection owningObject)
   at System.Data.ProviderBase.DbConnectionFactory.GetConnection(DbConnection owningConnection)
   at System.Data.ProviderBase.DbConnectionClosed.OpenConnection(DbConnection outerConnection, DbConnectionFactory connectionFactory)
   at System.Data.SqlClient.SqlConnection.Open()
   at NHibernate.Connection.DriverConnectionProvider.GetConnection()
   at NHibernate.AdoNet.ConnectionManager.GetConnection()
   at NHibernate.AdoNet.AbstractBatcher.Prepare(IDbCommand cmd)
   at NHibernate.AdoNet.AbstractBatcher.ExecuteReader(IDbCommand cmd)
   at NHibernate.Loader.Loader.GetResultSet(IDbCommand st, Boolean autoDiscoverTypes, Boolean callable, RowSelection selection, ISessionImplementor session)
2012-11-22 16:07:13,827 [6] NHibernate.Util.ADOExceptionReporter - A network-related or instance-specific error occurred while establishing a connection to SQL Server. The server was not found or was not accessible. Verify that the instance name is correct and that SQL Server is configured to allow remote connections. (provider: Named Pipes Provider, error: 40 - Could not open a connection to SQL Server)
2012-11-22 16:07:13,827 [6] NHibernate.Util.ADOExceptionReporter - System.Data.SqlClient.SqlException (0x80131904): A network-related or instance-specific error occurred while establishing a connection to SQL Server. The server was not found or was not accessible. Verify that the instance name is correct and that SQL Server is configured to allow remote connections. (provider: Named Pipes Provider, error: 40 - Could not open a connection to SQL Server)
   at System.Data.SqlClient.SqlInternalConnection.OnError(SqlException exception, Boolean breakConnection)
   at System.Data.SqlClient.TdsParser.ThrowExceptionAndWarning()
   at System.Data.SqlClient.TdsParser.Connect(ServerInfo serverInfo, SqlInternalConnectionTds connHandler, Boolean ignoreSniOpenTimeout, Int64 timerExpire, Boolean encrypt, Boolean trustServerCert, Boolean integratedSecurity)
   at System.Data.SqlClient.SqlInternalConnectionTds.AttemptOneLogin(ServerInfo serverInfo, String newPassword, Boolean ignoreSniOpenTimeout, TimeoutTimer timeout, SqlConnection owningObject)
   at System.Data.SqlClient.SqlInternalConnectionTds.LoginNoFailover(ServerInfo serverInfo, String newPassword, Boolean redirectedUserInstance, SqlConnection owningObject, SqlConnectionString connectionOptions, TimeoutTimer timeout)
   at System.Data.SqlClient.SqlInternalConnectionTds.OpenLoginEnlist(SqlConnection owningObject, TimeoutTimer timeout, SqlConnectionString connectionOptions, String newPassword, Boolean redirectedUserInstance)
   at System.Data.SqlClient.SqlInternalConnectionTds..ctor(DbConnectionPoolIdentity identity, SqlConnectionString connectionOptions, Object providerInfo, String newPassword, SqlConnection owningObject, Boolean redirectedUserInstance)
   at System.Data.SqlClient.SqlConnectionFactory.CreateConnection(DbConnectionOptions options, Object poolGroupProviderInfo, DbConnectionPool pool, DbConnection owningConnection)
   at System.Data.ProviderBase.DbConnectionFactory.CreatePooledConnection(DbConnection owningConnection, DbConnectionPool pool, DbConnectionOptions options)
   at System.Data.ProviderBase.DbConnectionPool.CreateObject(DbConnection owningObject)
   at System.Data.ProviderBase.DbConnectionPool.UserCreateRequest(DbConnection owningObject)
   at System.Data.ProviderBase.DbConnectionPool.GetConnection(DbConnection owningObject)
   at System.Data.ProviderBase.DbConnectionFactory.GetConnection(DbConnection owningConnection)
   at System.Data.ProviderBase.DbConnectionClosed.OpenConnection(DbConnection outerConnection, DbConnectionFactory connectionFactory)
   at System.Data.SqlClient.SqlConnection.Open()
   at NHibernate.Connection.DriverConnectionProvider.GetConnection()
   at NHibernate.AdoNet.ConnectionManager.GetConnection()
   at NHibernate.AdoNet.AbstractBatcher.Prepare(IDbCommand cmd)
   at NHibernate.AdoNet.AbstractBatcher.ExecuteReader(IDbCommand cmd)
   at NHibernate.Loader.Loader.GetResultSet(IDbCommand st, Boolean autoDiscoverTypes, Boolean callable, RowSelection selection, ISessionImplementor session)
   at NHibernate.Loader.Loader.DoQuery(ISessionImplementor session, QueryParameters queryParameters, Boolean returnProxies)
   at NHibernate.Loader.Loader.DoQueryAndInitializeNonLazyCollections(ISessionImplementor session, QueryParameters queryParameters, Boolean returnProxies)
   at NHibernate.Loader.Loader.DoList(ISessionImplementor session, QueryParameters queryParameters)
2012-11-22 16:07:13,827 [6] NHibernate.Util.ADOExceptionReporter - A network-related or instance-specific error occurred while establishing a connection to SQL Server. The server was not found or was not accessible. Verify that the instance name is correct and that SQL Server is configured to allow remote connections. (provider: Named Pipes Provider, error: 40 - Could not open a connection to SQL Server)
2012-11-22 16:07:13,827 [6] Orchard.Tasks.BackgroundService - Error while processing background task
NHibernate.ADOException: could not execute query
[ SELECT this_.Id as Id76_3_, this_.Number as Number76_3_, this_.Published as Published76_3_, this_.Latest as Latest76_3_, this_.Data as Data76_3_, this_.ContentItemRecord_id as ContentI6_76_3_, contentite1_.Id as Id73_0_, contentite1_.Data as Data73_0_, contentite1_.ContentType_id as ContentT3_73_0_, sitesettin4_.Id as Id7_1_, sitesettin4_.SiteSalt as SiteSalt7_1_, sitesettin4_.SiteName as SiteName7_1_, sitesettin4_.SuperUser as SuperUser7_1_, sitesettin4_.PageTitleSeparator as PageTitl5_7_1_, sitesettin4_.HomePage as HomePage7_1_, sitesettin4_.SiteCulture as SiteCult7_7_1_, sitesettin4_.ResourceDebugMode as Resource8_7_1_, sitesettin4_.PageSize as PageSize7_1_, sitesettin4_.SiteTimeZone as SiteTim10_7_1_, contenttyp5_.Id as Id74_2_, contenttyp5_.Name as Name74_2_ FROM orchard_Orchard_Framework_ContentItemVersionRecord this_ inner join orchard_Orchard_Framework_ContentItemRecord contentite1_ on this_.ContentItemRecord_id=contentite1_.Id left outer join orchard_Settings_SiteSettingsPartRecord sitesettin4_ on contentite1_.Id=sitesettin4_.Id left outer join orchard_Orchard_Framework_ContentTypeRecord contenttyp5_ on contentite1_.ContentType_id=contenttyp5_.Id WHERE contentite1_.Id = ? and this_.Published = ? ]
Positional parameters:  #0>1 #1>True
[SQL: SELECT this_.Id as Id76_3_, this_.Number as Number76_3_, this_.Published as Published76_3_, this_.Latest as Latest76_3_, this_.Data as Data76_3_, this_.ContentItemRecord_id as ContentI6_76_3_, contentite1_.Id as Id73_0_, contentite1_.Data as Data73_0_, contentite1_.ContentType_id as ContentT3_73_0_, sitesettin4_.Id as Id7_1_, sitesettin4_.SiteSalt as SiteSalt7_1_, sitesettin4_.SiteName as SiteName7_1_, sitesettin4_.SuperUser as SuperUser7_1_, sitesettin4_.PageTitleSeparator as PageTitl5_7_1_, sitesettin4_.HomePage as HomePage7_1_, sitesettin4_.SiteCulture as SiteCult7_7_1_, sitesettin4_.ResourceDebugMode as Resource8_7_1_, sitesettin4_.PageSize as PageSize7_1_, sitesettin4_.SiteTimeZone as SiteTim10_7_1_, contenttyp5_.Id as Id74_2_, contenttyp5_.Name as Name74_2_ FROM orchard_Orchard_Framework_ContentItemVersionRecord this_ inner join orchard_Orchard_Framework_ContentItemRecord contentite1_ on this_.ContentItemRecord_id=contentite1_.Id left outer join orchard_Settings_SiteSettingsPartRecord sitesettin4_ on contentite1_.Id=sitesettin4_.Id left outer join orchard_Orchard_Framework_ContentTypeRecord contenttyp5_ on contentite1_.ContentType_id=contenttyp5_.Id WHERE contentite1_.Id = ? and this_.Published = ?] ---> System.Data.SqlClient.SqlException: A network-related or instance-specific error occurred while establishing a connection to SQL Server. The server was not found or was not accessible. Verify that the instance name is correct and that SQL Server is configured to allow remote connections. (provider: Named Pipes Provider, error: 40 - Could not open a connection to SQL Server)
   at System.Data.SqlClient.SqlInternalConnection.OnError(SqlException exception, Boolean breakConnection)
   at System.Data.SqlClient.TdsParser.ThrowExceptionAndWarning()
   at System.Data.SqlClient.TdsParser.Connect(ServerInfo serverInfo, SqlInternalConnectionTds connHandler, Boolean ignoreSniOpenTimeout, Int64 timerExpire, Boolean encrypt, Boolean trustServerCert, Boolean integratedSecurity)
   at System.Data.SqlClient.SqlInternalConnectionTds.AttemptOneLogin(ServerInfo serverInfo, String newPassword, Boolean ignoreSniOpenTimeout, TimeoutTimer timeout, SqlConnection owningObject)
   at System.Data.SqlClient.SqlInternalConnectionTds.LoginNoFailover(ServerInfo serverInfo, String newPassword, Boolean redirectedUserInstance, SqlConnection owningObject, SqlConnectionString connectionOptions, TimeoutTimer timeout)
   at System.Data.SqlClient.SqlInternalConnectionTds.OpenLoginEnlist(SqlConnection owningObject, TimeoutTimer timeout, SqlConnectionString connectionOptions, String newPassword, Boolean redirectedUserInstance)
   at System.Data.SqlClient.SqlInternalConnectionTds..ctor(DbConnectionPoolIdentity identity, SqlConnectionString connectionOptions, Object providerInfo, String newPassword, SqlConnection owningObject, Boolean redirectedUserInstance)
   at System.Data.SqlClient.SqlConnectionFactory.CreateConnection(DbConnectionOptions options, Object poolGroupProviderInfo, DbConnectionPool pool, DbConnection owningConnection)
   at System.Data.ProviderBase.DbConnectionFactory.CreatePooledConnection(DbConnection owningConnection, DbConnectionPool pool, DbConnectionOptions options)
   at System.Data.ProviderBase.DbConnectionPool.CreateObject(DbConnection owningObject)
   at System.Data.ProviderBase.DbConnectionPool.UserCreateRequest(DbConnection owningObject)
   at System.Data.ProviderBase.DbConnectionPool.GetConnection(DbConnection owningObject)
   at System.Data.ProviderBase.DbConnectionFactory.GetConnection(DbConnection owningConnection)
   at System.Data.ProviderBase.DbConnectionClosed.OpenConnection(DbConnection outerConnection, DbConnectionFactory connectionFactory)
   at System.Data.SqlClient.SqlConnection.Open()
   at NHibernate.Connection.DriverConnectionProvider.GetConnection()
   at NHibernate.AdoNet.ConnectionManager.GetConnection()
   at NHibernate.AdoNet.AbstractBatcher.Prepare(IDbCommand cmd)
   at NHibernate.AdoNet.AbstractBatcher.ExecuteReader(IDbCommand cmd)
   at NHibernate.Loader.Loader.GetResultSet(IDbCommand st, Boolean autoDiscoverTypes, Boolean callable, RowSelection selection, ISessionImplementor session)
   at NHibernate.Loader.Loader.DoQuery(ISessionImplementor session, QueryParameters queryParameters, Boolean returnProxies)
   at NHibernate.Loader.Loader.DoQueryAndInitializeNonLazyCollections(ISessionImplementor session, QueryParameters queryParameters, Boolean returnProxies)
   at NHibernate.Loader.Loader.DoList(ISessionImplementor session, QueryParameters queryParameters)
   --- End of inner exception stack trace ---
   at NHibernate.Loader.Loader.DoList(ISessionImplementor session, QueryParameters queryParameters)
   at NHibernate.Loader.Loader.ListIgnoreQueryCache(ISessionImplementor session, QueryParameters queryParameters)
   at NHibernate.Loader.Loader.List(ISessionImplementor session, QueryParameters queryParameters, ISet`1 querySpaces, IType[] resultTypes)
   at NHibernate.Impl.SessionImpl.List(CriteriaImpl criteria, IList results)
   at NHibernate.Impl.CriteriaImpl.List(IList results)
   at NHibernate.Impl.CriteriaImpl.List[T]()
   at Orchard.ContentManagement.DefaultContentManager.GetManyImplementation(QueryHints hints, Action`2 predicate) in C:\Projectos\Orchard.Source.1.5.1\src\Orchard\ContentManagement\DefaultContentManager.cs:line 328
   at Orchard.ContentManagement.DefaultContentManager.Get(Int32 id, VersionOptions options, QueryHints hints) in C:\Projectos\Orchard.Source.1.5.1\src\Orchard\ContentManagement\DefaultContentManager.cs:line 140
   at Orchard.ContentManagement.ContentGetExtensions.Get[T](IContentManager manager, Int32 id, VersionOptions options, QueryHints hints) in C:\Projectos\Orchard.Source.1.5.1\src\Orchard\ContentManagement\ContentExtensions.cs:line 160
   at Orchard.Core.Settings.Services.SiteService.GetSiteSettings() in C:\Projectos\Orchard.Source.1.5.1\src\Orchard.Web\Core\Settings\Services\SiteService.cs:line 46
   at Orchard.Settings.CurrentSiteWorkContext.Get[T](String name) in C:\Projectos\Orchard.Source.1.5.1\src\Orchard\Settings\CurrentSiteWorkContext.cs:line 13
   at Orchard.Environment.WorkContextImplementation.<>c__DisplayClass5`1.<FindResolverForState>b__0(IWorkContextStateProvider wcsp) in C:\Projectos\Orchard.Source.1.5.1\src\Orchard\Environment\WorkContextImplementation.cs:line 32
   at System.Linq.Enumerable.WhereSelectArrayIterator`2.MoveNext()
   at System.Linq.Enumerable.FirstOrDefault[TSource](IEnumerable`1 source, Func`2 predicate)
   at Orchard.Environment.WorkContextImplementation.FindResolverForState[T](String name) in C:\Projectos\Orchard.Source.1.5.1\src\Orchard\Environment\WorkContextImplementation.cs:line 32
   at System.Collections.Concurrent.ConcurrentDictionary`2.GetOrAdd(TKey key, Func`2 valueFactory)
   at Orchard.Environment.WorkContextImplementation.GetState[T](String name) in C:\Projectos\Orchard.Source.1.5.1\src\Orchard\Environment\WorkContextImplementation.cs:line 27
   at Orchard.WorkContext.get_CurrentSite() in C:\Projectos\Orchard.Source.1.5.1\src\Orchard\WorkContext.cs:line 52
   at Orchard.Warmup.Services.WarmupTask.Sweep()
   at Orchard.Tasks.BackgroundService.Sweep() in C:\Projectos\Orchard.Source.1.5.1\src\Orchard\Tasks\BackgroundService.cs:line 31
